<?xml version="1.0" encoding="UTF-8"?>
<!-- Generated by org.testng.reporters.JUnitReportReporter -->
<testsuite skipped="0" hostname="yanal" name="maven.CalculatorAppTest" tests="13" failures="1" timestamp="08 Jul 2018 04:33:48 GMT" time="0.012" errors="0">
  <testcase name="enterOneOpretor" time="0.000" classname="maven.CalculatorAppTest"/>
  <testcase name="divideByZero" time="0.004" classname="maven.CalculatorAppTest"/>
  <testcase name="subtractTwoNumber" time="0.000" classname="maven.CalculatorAppTest">
    <failure type="java.lang.AssertionError" message="Subtract two number (10-3) expected [3.0] but found [2.0]">
      <![CDATA[java.lang.AssertionError: Subtract two number (10-3) expected [3.0] but found [2.0]
at org.testng.Assert.fail(Assert.java:96)
at org.testng.Assert.failNotEquals(Assert.java:776)
at org.testng.Assert.assertEqualsImpl(Assert.java:137)
at org.testng.Assert.assertEquals(Assert.java:118)
at org.testng.Assert.assertEquals(Assert.java:453)
at maven.CalculatorAppTest.subtractTwoNumber(CalculatorAppTest.java:62)
at sun.reflect.NativeMethodAccessorImpl.invoke0(Native Method)
at sun.reflect.NativeMethodAccessorImpl.invoke(NativeMethodAccessorImpl.java:62)
at sun.reflect.DelegatingMethodAccessorImpl.invoke(DelegatingMethodAccessorImpl.java:43)
at java.lang.reflect.Method.invoke(Method.java:498)
at org.testng.internal.MethodInvocationHelper.invokeMethod(MethodInvocationHelper.java:124)
at org.testng.internal.Invoker.invokeMethod(Invoker.java:583)
at org.testng.internal.Invoker.invokeTestMethod(Invoker.java:719)
at org.testng.internal.Invoker.invokeTestMethods(Invoker.java:989)
at org.testng.internal.TestMethodWorker.invokeTestMethods(TestMethodWorker.java:125)
at org.testng.internal.TestMethodWorker.run(TestMethodWorker.java:109)
at org.testng.TestRunner.privateRun(TestRunner.java:648)
at org.testng.TestRunner.run(TestRunner.java:505)
at org.testng.SuiteRunner.runTest(SuiteRunner.java:455)
at org.testng.SuiteRunner.runSequentially(SuiteRunner.java:450)
at org.testng.SuiteRunner.privateRun(SuiteRunner.java:415)
at org.testng.SuiteRunner.run(SuiteRunner.java:364)
at org.testng.SuiteRunnerWorker.runSuite(SuiteRunnerWorker.java:52)
at org.testng.SuiteRunnerWorker.run(SuiteRunnerWorker.java:84)
at org.testng.TestNG.runSuitesSequentially(TestNG.java:1208)
at org.testng.TestNG.runSuitesLocally(TestNG.java:1137)
at org.testng.TestNG.runSuites(TestNG.java:1049)
at org.testng.TestNG.run(TestNG.java:1017)
at org.apache.maven.surefire.testng.TestNGExecutor.run(TestNGExecutor.java:77)
at org.apache.maven.surefire.testng.TestNGDirectoryTestSuite.execute(TestNGDirectoryTestSuite.java:110)
at org.apache.maven.surefire.testng.TestNGProvider.invoke(TestNGProvider.java:106)
at sun.reflect.NativeMethodAccessorImpl.invoke0(Native Method)
at sun.reflect.NativeMethodAccessorImpl.invoke(NativeMethodAccessorImpl.java:62)
at sun.reflect.DelegatingMethodAccessorImpl.invoke(DelegatingMethodAccessorImpl.java:43)
at java.lang.reflect.Method.invoke(Method.java:498)
at org.apache.maven.surefire.util.ReflectionUtils.invokeMethodWithArray(ReflectionUtils.java:189)
at org.apache.maven.surefire.booter.ProviderFactory$ProviderProxy.invoke(ProviderFactory.java:165)
at org.apache.maven.surefire.booter.ProviderFactory.invokeProvider(ProviderFactory.java:85)
at org.apache.maven.surefire.booter.ForkedBooter.runSuitesInProcess(ForkedBooter.java:115)
at org.apache.maven.surefire.booter.ForkedBooter.main(ForkedBooter.java:75)
]]>
    </failure>
  </testcase> <!-- subtractTwoNumber -->
  <testcase name="enterEquationWithError" time="0.000" classname="maven.CalculatorAppTest"/>
  <testcase name="multiplyTwoNumber" time="0.000" classname="maven.CalculatorAppTest"/>
  <testcase name="enterNumber" time="0.004" classname="maven.CalculatorAppTest"/>
  <testcase name="addTwoNumber" time="0.004" classname="maven.CalculatorAppTest"/>
  <testcase name="divideTwoNumber" time="0.000" classname="maven.CalculatorAppTest"/>
  <testcase name="enterDoubleEqualSign" time="0.000" classname="maven.CalculatorAppTest"/>
  <testcase name="enterEquationWithoutNumber" time="0.000" classname="maven.CalculatorAppTest"/>
  <testcase name="enterDoubleOpretor" time="0.000" classname="maven.CalculatorAppTest"/>
  <testcase name="divideOddByEven" time="0.000" classname="maven.CalculatorAppTest"/>
  <testcase name="subtractTwoNumberSecondNumberTheBiggest" time="0.000" classname="maven.CalculatorAppTest"/>
</testsuite> <!-- maven.CalculatorAppTest -->
